0: /*
1: 
2:  * 2019 Spring Compiler Course Assignment 2 
3:  */
4: 
5: float c = 1.5;
6: 
7: bool loop(int n, int m) {
8:     while (n > m) {
9:         n--;
10:     }
11:      true;

Index     Name      Kind        Type      Scope     Attribute 

0         n         parameter   int       1         
1         m         parameter   int       1         

12: }
13: 
14: int main() {
15:     // Declaration
16:     int x;
17:     int i;
18:     int a = 5;
19: 
20:     // syntactical error

|-----------------------------------------------|
| Error found in line 20:     iff (a > 10) {
| syntax error
|-----------------------------------------------|


Index     Name      Kind        Type      Scope     Attribute 

0         c         variable    float     0                   
1         loop      function    bool      0         int,int   


Total lines: 20 
